Semestr_5/AMPA/Exercise_06/app/build/intermediates/manifest_merge_blame_file/debug/processDebugMainManifest/manifest-merger-blame-debug-report.txt
1<?xml version="1.0" encoding="utf-8"?>
2<manifest xmlns:android="http://schemas.android.com/apk/res/android"
3    package="com.tymek805.exercise_06"
4    android:versionCode="1"
5    android:versionName="1.0" >
6
7    <uses-sdk
8        android:minSdkVersion="34"
9        android:targetSdkVersion="34" />
10
11    <uses-permission android:name="android.permission.CAMERA" />
11-->src/main/AndroidManifest.xml:5:5-65
11-->src/main/AndroidManifest.xml:5:22-62
12
13    <!-- Declare that the app uses the camera hardware -->
14    <uses-feature
14-->src/main/AndroidManifest.xml:8:5-85
15        android:name="android.hardware.camera"
15-->src/main/AndroidManifest.xml:8:19-57
16        android:required="false" />
16-->src/main/AndroidManifest.xml:8:58-82
17
18    <queries>
18-->[androidx.camera:camera-extensions:1.5.0-alpha05] AndroidManifest.xml:22:5-26:15
19        <intent>
19-->[androidx.camera:camera-extensions:1.5.0-alpha05] AndroidManifest.xml:23:9-25:18
20            <action android:name="androidx.camera.extensions.action.VENDOR_ACTION" />
20-->[androidx.camera:camera-extensions:1.5.0-alpha05] AndroidManifest.xml:24:13-86
20-->[androidx.camera:camera-extensions:1.5.0-alpha05] AndroidManifest.xml:24:21-83
21        </intent>
22    </queries>
23
24    <uses-permission android:name="android.permission.REORDER_TASKS" />
24-->[androidx.test:core:1.6.1] AndroidManifest.xml:24:5-72
24-->[androidx.test:core:1.6.1] AndroidManifest.xml:24:22-69
25
26    <permission
26-->[androidx.core:core:1.13.1] AndroidManifest.xml:22:5-24:47
27        android:name="com.tymek805.exercise_06.DYNAMIC_RECEIVER_NOT_EXPORTED_PERMISSION"
27-->[androidx.core:core:1.13.1] AndroidManifest.xml:23:9-81
28        android:protectionLevel="signature" />
28-->[androidx.core:core:1.13.1] AndroidManifest.xml:24:9-44
29
30    <uses-permission android:name="com.tymek805.exercise_06.DYNAMIC_RECEIVER_NOT_EXPORTED_PERMISSION" />
30-->[androidx.core:core:1.13.1] AndroidManifest.xml:26:5-97
30-->[androidx.core:core:1.13.1] AndroidManifest.xml:26:22-94
31
32    <application
32-->src/main/AndroidManifest.xml:10:5-31:19
33        android:allowBackup="true"
33-->src/main/AndroidManifest.xml:11:9-35
34        android:appComponentFactory="androidx.core.app.CoreComponentFactory"
34-->[androidx.core:core:1.13.1] AndroidManifest.xml:28:18-86
35        android:dataExtractionRules="@xml/data_extraction_rules"
35-->src/main/AndroidManifest.xml:12:9-65
36        android:debuggable="true"
37        android:extractNativeLibs="false"
38        android:fullBackupContent="@xml/backup_rules"
38-->src/main/AndroidManifest.xml:13:9-54
39        android:icon="@drawable/ic_launch"
39-->src/main/AndroidManifest.xml:14:9-43
40        android:label="@string/app_name"
40-->src/main/AndroidManifest.xml:15:9-41
41        android:roundIcon="@drawable/ic_launch"
41-->src/main/AndroidManifest.xml:16:9-48
42        android:supportsRtl="true"
42-->src/main/AndroidManifest.xml:17:9-35
43        android:testOnly="true"
44        android:theme="@style/Theme.Exercise_06" >
44-->src/main/AndroidManifest.xml:18:9-49
45        <activity
45-->src/main/AndroidManifest.xml:20:9-30:20
46            android:name="com.tymek805.exercise_06.MainActivity"
46-->src/main/AndroidManifest.xml:21:13-41
47            android:exported="true"
47-->src/main/AndroidManifest.xml:22:13-36
48            android:label="@string/app_name"
48-->src/main/AndroidManifest.xml:23:13-45
49            android:theme="@style/Theme.Exercise_06" >
49-->src/main/AndroidManifest.xml:24:13-53
50            <intent-filter>
50-->src/main/AndroidManifest.xml:25:13-29:29
51                <action android:name="android.intent.action.MAIN" />
51-->src/main/AndroidManifest.xml:26:17-69
51-->src/main/AndroidManifest.xml:26:25-66
52
53                <category android:name="android.intent.category.LAUNCHER" />
53-->src/main/AndroidManifest.xml:28:17-77
53-->src/main/AndroidManifest.xml:28:27-74
54            </intent-filter>
55        </activity>
56
57        <service
57-->[androidx.room:room-runtime:2.6.1] AndroidManifest.xml:24:9-28:63
58            android:name="androidx.room.MultiInstanceInvalidationService"
58-->[androidx.room:room-runtime:2.6.1] AndroidManifest.xml:25:13-74
59            android:directBootAware="true"
59-->[androidx.room:room-runtime:2.6.1] AndroidManifest.xml:26:13-43
60            android:exported="false" />
60-->[androidx.room:room-runtime:2.6.1] AndroidManifest.xml:27:13-37
61
62        <uses-library
62-->[androidx.camera:camera-extensions:1.5.0-alpha05] AndroidManifest.xml:29:9-31:40
63            android:name="androidx.camera.extensions.impl"
63-->[androidx.camera:camera-extensions:1.5.0-alpha05] AndroidManifest.xml:30:13-59
64            android:required="false" />
64-->[androidx.camera:camera-extensions:1.5.0-alpha05] AndroidManifest.xml:31:13-37
65
66        <service
66-->[androidx.camera:camera-camera2:1.5.0-alpha05] AndroidManifest.xml:24:9-33:19
67            android:name="androidx.camera.core.impl.MetadataHolderService"
67-->[androidx.camera:camera-camera2:1.5.0-alpha05] AndroidManifest.xml:25:13-75
68            android:enabled="false"
68-->[androidx.camera:camera-camera2:1.5.0-alpha05] AndroidManifest.xml:26:13-36
69            android:exported="false" >
69-->[androidx.camera:camera-camera2:1.5.0-alpha05] AndroidManifest.xml:27:13-37
70            <meta-data
70-->[androidx.camera:camera-camera2:1.5.0-alpha05] AndroidManifest.xml:30:13-32:89
71                android:name="androidx.camera.core.impl.MetadataHolderService.DEFAULT_CONFIG_PROVIDER"
71-->[androidx.camera:camera-camera2:1.5.0-alpha05] AndroidManifest.xml:31:17-103
72                android:value="androidx.camera.camera2.Camera2Config$DefaultProvider" />
72-->[androidx.camera:camera-camera2:1.5.0-alpha05] AndroidManifest.xml:32:17-86
73        </service>
74
75        <activity
75-->[androidx.compose.ui:ui-test-manifest:1.7.6] AndroidManifest.xml:23:9-25:39
76            android:name="androidx.activity.ComponentActivity"
76-->[androidx.compose.ui:ui-test-manifest:1.7.6] AndroidManifest.xml:24:13-63
77            android:exported="true" />
77-->[androidx.compose.ui:ui-test-manifest:1.7.6] AndroidManifest.xml:25:13-36
78        <activity
78-->[androidx.test:core:1.6.1] AndroidManifest.xml:27:9-34:20
79            android:name="androidx.test.core.app.InstrumentationActivityInvoker$BootstrapActivity"
79-->[androidx.test:core:1.6.1] AndroidManifest.xml:28:13-99
80            android:exported="true"
80-->[androidx.test:core:1.6.1] AndroidManifest.xml:29:13-36
81            android:theme="@style/WhiteBackgroundTheme" >
81-->[androidx.test:core:1.6.1] AndroidManifest.xml:30:13-56
82            <intent-filter android:priority="-100" >
82-->[androidx.test:core:1.6.1] AndroidManifest.xml:31:13-33:29
82-->[androidx.test:core:1.6.1] AndroidManifest.xml:31:28-51
83                <category android:name="android.intent.category.LAUNCHER" />
83-->src/main/AndroidManifest.xml:28:17-77
83-->src/main/AndroidManifest.xml:28:27-74
84            </intent-filter>
85        </activity>
86        <activity
86-->[androidx.test:core:1.6.1] AndroidManifest.xml:35:9-42:20
87            android:name="androidx.test.core.app.InstrumentationActivityInvoker$EmptyActivity"
87-->[androidx.test:core:1.6.1] AndroidManifest.xml:36:13-95
88            android:exported="true"
88-->[androidx.test:core:1.6.1] AndroidManifest.xml:37:13-36
89            android:theme="@style/WhiteBackgroundTheme" >
89-->[androidx.test:core:1.6.1] AndroidManifest.xml:38:13-56
90            <intent-filter android:priority="-100" >
90-->[androidx.test:core:1.6.1] AndroidManifest.xml:31:13-33:29
90-->[androidx.test:core:1.6.1] AndroidManifest.xml:31:28-51
91                <category android:name="android.intent.category.LAUNCHER" />
91-->src/main/AndroidManifest.xml:28:17-77
91-->src/main/AndroidManifest.xml:28:27-74
92            </intent-filter>
93        </activity>
94        <activity
94-->[androidx.test:core:1.6.1] AndroidManifest.xml:43:9-50:20
95            android:name="androidx.test.core.app.InstrumentationActivityInvoker$EmptyFloatingActivity"
95-->[androidx.test:core:1.6.1] AndroidManifest.xml:44:13-103
96            android:exported="true"
96-->[androidx.test:core:1.6.1] AndroidManifest.xml:45:13-36
97            android:theme="@style/WhiteBackgroundDialogTheme" >
97-->[androidx.test:core:1.6.1] AndroidManifest.xml:46:13-62
98            <intent-filter android:priority="-100" >
98-->[androidx.test:core:1.6.1] AndroidManifest.xml:31:13-33:29
98-->[androidx.test:core:1.6.1] AndroidManifest.xml:31:28-51
99                <category android:name="android.intent.category.LAUNCHER" />
99-->src/main/AndroidManifest.xml:28:17-77
99-->src/main/AndroidManifest.xml:28:27-74
100            </intent-filter>
101        </activity>
102
103        <provider
103-->[androidx.emoji2:emoji2:1.3.0] AndroidManifest.xml:24:9-32:20
104            android:name="androidx.startup.InitializationProvider"
104-->[androidx.emoji2:emoji2:1.3.0] AndroidManifest.xml:25:13-67
105            android:authorities="com.tymek805.exercise_06.androidx-startup"
105-->[androidx.emoji2:emoji2:1.3.0] AndroidManifest.xml:26:13-68
106            android:exported="false" >
106-->[androidx.emoji2:emoji2:1.3.0] AndroidManifest.xml:27:13-37
107            <meta-data
107-->[androidx.emoji2:emoji2:1.3.0] AndroidManifest.xml:29:13-31:52
108                android:name="androidx.emoji2.text.EmojiCompatInitializer"
108-->[androidx.emoji2:emoji2:1.3.0] AndroidManifest.xml:30:17-75
109                android:value="androidx.startup" />
109-->[androidx.emoji2:emoji2:1.3.0] AndroidManifest.xml:31:17-49
110            <meta-data
110-->[androidx.lifecycle:lifecycle-process:2.8.7] AndroidManifest.xml:29:13-31:52
111                android:name="androidx.lifecycle.ProcessLifecycleInitializer"
111-->[androidx.lifecycle:lifecycle-process:2.8.7] AndroidManifest.xml:30:17-78
112                android:value="androidx.startup" />
112-->[androidx.lifecycle:lifecycle-process:2.8.7] AndroidManifest.xml:31:17-49
113            <meta-data
113-->[androidx.profileinstaller:profileinstaller:1.4.1] AndroidManifest.xml:29:13-31:52
114                android:name="androidx.profileinstaller.ProfileInstallerInitializer"
114-->[androidx.profileinstaller:profileinstaller:1.4.1] AndroidManifest.xml:30:17-85
115                android:value="androidx.startup" />
115-->[androidx.profileinstaller:profileinstaller:1.4.1] AndroidManifest.xml:31:17-49
116        </provider>
117
118        <meta-data
118-->[com.google.android.gms:play-services-basement:18.0.0] AndroidManifest.xml:21:9-23:69
119            android:name="com.google.android.gms.version"
119-->[com.google.android.gms:play-services-basement:18.0.0] AndroidManifest.xml:22:13-58
120            android:value="@integer/google_play_services_version" />
120-->[com.google.android.gms:play-services-basement:18.0.0] AndroidManifest.xml:23:13-66
121
122        <activity
122-->[androidx.compose.ui:ui-tooling-android:1.7.6] AndroidManifest.xml:23:9-25:39
123            android:name="androidx.compose.ui.tooling.PreviewActivity"
123-->[androidx.compose.ui:ui-tooling-android:1.7.6] AndroidManifest.xml:24:13-71
124            android:exported="true" />
124-->[androidx.compose.ui:ui-tooling-android:1.7.6] AndroidManifest.xml:25:13-36
125
126        <receiver
126-->[androidx.profileinstaller:profileinstaller:1.4.1] AndroidManifest.xml:34:9-52:20
127            android:name="androidx.profileinstaller.ProfileInstallReceiver"
127-->[androidx.profileinstaller:profileinstaller:1.4.1] AndroidManifest.xml:35:13-76
128            android:directBootAware="false"
128-->[androidx.profileinstaller:profileinstaller:1.4.1] AndroidManifest.xml:36:13-44
129            android:enabled="true"
129-->[androidx.profileinstaller:profileinstaller:1.4.1] AndroidManifest.xml:37:13-35
130            android:exported="true"
130-->[androidx.profileinstaller:profileinstaller:1.4.1] AndroidManifest.xml:38:13-36
131            android:permission="android.permission.DUMP" >
131-->[androidx.profileinstaller:profileinstaller:1.4.1] AndroidManifest.xml:39:13-57
132            <intent-filter>
132-->[androidx.profileinstaller:profileinstaller:1.4.1] AndroidManifest.xml:40:13-42:29
133                <action android:name="androidx.profileinstaller.action.INSTALL_PROFILE" />
133-->[androidx.profileinstaller:profileinstaller:1.4.1] AndroidManifest.xml:41:17-91
133-->[androidx.profileinstaller:profileinstaller:1.4.1] AndroidManifest.xml:41:25-88
134            </intent-filter>
135            <intent-filter>
135-->[androidx.profileinstaller:profileinstaller:1.4.1] AndroidManifest.xml:43:13-45:29
136                <action android:name="androidx.profileinstaller.action.SKIP_FILE" />
136-->[androidx.profileinstaller:profileinstaller:1.4.1] AndroidManifest.xml:44:17-85
136-->[androidx.profileinstaller:profileinstaller:1.4.1] AndroidManifest.xml:44:25-82
137            </intent-filter>
138            <intent-filter>
138-->[androidx.profileinstaller:profileinstaller:1.4.1] AndroidManifest.xml:46:13-48:29
139                <action android:name="androidx.profileinstaller.action.SAVE_PROFILE" />
139-->[androidx.profileinstaller:profileinstaller:1.4.1] AndroidManifest.xml:47:17-88
139-->[androidx.profileinstaller:profileinstaller:1.4.1] AndroidManifest.xml:47:25-85
140            </intent-filter>
141            <intent-filter>
141-->[androidx.profileinstaller:profileinstaller:1.4.1] AndroidManifest.xml:49:13-51:29
142                <action android:name="androidx.profileinstaller.action.BENCHMARK_OPERATION" />
142-->[androidx.profileinstaller:profileinstaller:1.4.1] AndroidManifest.xml:50:17-95
142-->[androidx.profileinstaller:profileinstaller:1.4.1] AndroidManifest.xml:50:25-92
143            </intent-filter>
144        </receiver>
145    </application>
146
147</manifest>